2019-11-02T09:59:19+00:00 CRITICAL Uncaught Exception: Error: The access_token provided is invalid. in C:\xampp\htdocs\template\wp-content\plugins\sw_core\sw_plugins\sw-instagram\sw-instagram.php:83
Stack trace:
#0 C:\xampp\htdocs\template\wp-content\plugins\sw_core\sw_plugins\sw-instagram\sw-instagram.php(91): sw_instagram_widget->http('https://api.ins...', 'GET')
#1 C:\xampp\htdocs\template\wp-content\plugins\sw_core\sw_plugins\sw-instagram\includes\default.php(9): sw_instagram_widget->Get_Instagram_Gallery('5725112895', '5725112895.1677...', '5')
#2 C:\xampp\htdocs\template\wp-content\plugins\sw_core\sw_plugins\sw-instagram\sw-instagram.php(260): include('C:\\xampp\\htdocs...')
#3 C:\xampp\htdocs\template\wp-includes\shortcodes.php(325): sw_instagram_widget->INST_Shortcode(Array, '', 'instagram')
#4 [internal function]: do_shortcode_tag(Array)
#5 C:\xampp\htdocs\template\wp-includes\shortcodes.php(199): preg_replace_callback('/\\[(\\[?)(instag...', 'do_shortcode_ta...', '[instagram titl...')
#6 C:\xampp\htdocs\template\wp-content\plugins\js

2019-11-02T10:00:30+00:00 CRITICAL Uncaught Exception: Error: The access_token provided is invalid. in C:\xampp\htdocs\template\wp-content\plugins\sw_core\sw_plugins\sw-instagram\sw-instagram.php:83
Stack trace:
#0 C:\xampp\htdocs\template\wp-content\plugins\sw_core\sw_plugins\sw-instagram\sw-instagram.php(91): sw_instagram_widget->http('https://api.ins...', 'GET')
#1 C:\xampp\htdocs\template\wp-content\plugins\sw_core\sw_plugins\sw-instagram\includes\default.php(9): sw_instagram_widget->Get_Instagram_Gallery('5725112895', '5725112895.1677...', '5')
#2 C:\xampp\htdocs\template\wp-content\plugins\sw_core\sw_plugins\sw-instagram\sw-instagram.php(260): include('C:\\xampp\\htdocs...')
#3 C:\xampp\htdocs\template\wp-includes\shortcodes.php(325): sw_instagram_widget->INST_Shortcode(Array, '', 'instagram')
#4 [internal function]: do_shortcode_tag(Array)
#5 C:\xampp\htdocs\template\wp-includes\shortcodes.php(199): preg_replace_callback('/\\[(\\[?)(instag...', 'do_shortcode_ta...', '<p>[vc_row full...')
#6 C:\xampp\htdocs\template\wp-includes\class-wp-

2019-11-02T10:01:32+00:00 CRITICAL Uncaught Exception: Error: The access_token provided is invalid. in C:\xampp\htdocs\template\wp-content\plugins\sw_core\sw_plugins\sw-instagram\sw-instagram.php:83
Stack trace:
#0 C:\xampp\htdocs\template\wp-content\plugins\sw_core\sw_plugins\sw-instagram\sw-instagram.php(91): sw_instagram_widget->http('https://api.ins...', 'GET')
#1 C:\xampp\htdocs\template\wp-content\plugins\sw_core\sw_plugins\sw-instagram\includes\default.php(9): sw_instagram_widget->Get_Instagram_Gallery('5725112895', '5725112895.1677...', '5')
#2 C:\xampp\htdocs\template\wp-content\plugins\sw_core\sw_plugins\sw-instagram\sw-instagram.php(260): include('C:\\xampp\\htdocs...')
#3 C:\xampp\htdocs\template\wp-includes\shortcodes.php(325): sw_instagram_widget->INST_Shortcode(Array, '', 'instagram')
#4 [internal function]: do_shortcode_tag(Array)
#5 C:\xampp\htdocs\template\wp-includes\shortcodes.php(199): preg_replace_callback('/\\[(\\[?)(instag...', 'do_shortcode_ta...', '<p>[vc_row full...')
#6 C:\xampp\htdocs\template\wp-includes\class-wp-

2019-11-02T10:14:51+00:00 CRITICAL Uncaught Exception: Error: The access_token provided is invalid. in C:\xampp\htdocs\template\wp-content\plugins\sw_core\sw_plugins\sw-instagram\sw-instagram.php:83
Stack trace:
#0 C:\xampp\htdocs\template\wp-content\plugins\sw_core\sw_plugins\sw-instagram\sw-instagram.php(91): sw_instagram_widget->http('https://api.ins...', 'GET')
#1 C:\xampp\htdocs\template\wp-content\plugins\sw_core\sw_plugins\sw-instagram\includes\default.php(9): sw_instagram_widget->Get_Instagram_Gallery('5725112895', '5725112895.1677...', '5')
#2 C:\xampp\htdocs\template\wp-content\plugins\sw_core\sw_plugins\sw-instagram\sw-instagram.php(260): include('C:\\xampp\\htdocs...')
#3 C:\xampp\htdocs\template\wp-includes\shortcodes.php(325): sw_instagram_widget->INST_Shortcode(Array, '', 'instagram')
#4 [internal function]: do_shortcode_tag(Array)
#5 C:\xampp\htdocs\template\wp-includes\shortcodes.php(199): preg_replace_callback('/\\[(\\[?)(instag...', 'do_shortcode_ta...', '[instagram titl...')
#6 C:\xampp\htdocs\template\wp-content\plugins\js

2019-11-02T10:15:03+00:00 CRITICAL Uncaught Exception: Error: The access_token provided is invalid. in C:\xampp\htdocs\template\wp-content\plugins\sw_core\sw_plugins\sw-instagram\sw-instagram.php:83
Stack trace:
#0 C:\xampp\htdocs\template\wp-content\plugins\sw_core\sw_plugins\sw-instagram\sw-instagram.php(91): sw_instagram_widget->http('https://api.ins...', 'GET')
#1 C:\xampp\htdocs\template\wp-content\plugins\sw_core\sw_plugins\sw-instagram\includes\default.php(9): sw_instagram_widget->Get_Instagram_Gallery('5725112895', '5725112895.1677...', '5')
#2 C:\xampp\htdocs\template\wp-content\plugins\sw_core\sw_plugins\sw-instagram\sw-instagram.php(260): include('C:\\xampp\\htdocs...')
#3 C:\xampp\htdocs\template\wp-includes\shortcodes.php(325): sw_instagram_widget->INST_Shortcode(Array, '', 'instagram')
#4 [internal function]: do_shortcode_tag(Array)
#5 C:\xampp\htdocs\template\wp-includes\shortcodes.php(199): preg_replace_callback('/\\[(\\[?)(instag...', 'do_shortcode_ta...', '[instagram titl...')
#6 C:\xampp\htdocs\template\wp-content\plugins\js

2019-11-02T10:15:42+00:00 CRITICAL Uncaught Exception: Error: The access_token provided is invalid. in C:\xampp\htdocs\template\wp-content\plugins\sw_core\sw_plugins\sw-instagram\sw-instagram.php:83
Stack trace:
#0 C:\xampp\htdocs\template\wp-content\plugins\sw_core\sw_plugins\sw-instagram\sw-instagram.php(91): sw_instagram_widget->http('https://api.ins...', 'GET')
#1 C:\xampp\htdocs\template\wp-content\plugins\sw_core\sw_plugins\sw-instagram\includes\default.php(9): sw_instagram_widget->Get_Instagram_Gallery('5725112895', '5725112895.1677...', '5')
#2 C:\xampp\htdocs\template\wp-content\plugins\sw_core\sw_plugins\sw-instagram\sw-instagram.php(260): include('C:\\xampp\\htdocs...')
#3 C:\xampp\htdocs\template\wp-includes\shortcodes.php(325): sw_instagram_widget->INST_Shortcode(Array, '', 'instagram')
#4 [internal function]: do_shortcode_tag(Array)
#5 C:\xampp\htdocs\template\wp-includes\shortcodes.php(199): preg_replace_callback('/\\[(\\[?)(instag...', 'do_shortcode_ta...', '[instagram titl...')
#6 C:\xampp\htdocs\template\wp-content\plugins\js

2019-11-02T10:16:24+00:00 CRITICAL Uncaught Error: Call to undefined method WooCommerce::queue() in C:\xampp\htdocs\template\wp-content\plugins\wc-multivendor-marketplace\core\class-wcfmmp.php:664
Stack trace:
#0 C:\xampp\htdocs\template\wp-includes\class-wp-hook.php(286): WCFMmp->run_wcfmmp_installer('')
#1 C:\xampp\htdocs\template\wp-includes\class-wp-hook.php(310): WP_Hook->apply_filters(NULL, Array)
#2 C:\xampp\htdocs\template\wp-includes\plugin.php(465): WP_Hook->do_action(Array)
#3 C:\xampp\htdocs\template\wp-settings.php(525): do_action('init')
#4 C:\xampp\htdocs\template\wp-config.php(90): require_once('C:\\xampp\\htdocs...')
#5 C:\xampp\htdocs\template\wp-load.php(37): require_once('C:\\xampp\\htdocs...')
#6 C:\xampp\htdocs\template\wp-admin\admin.php(34): require_once('C:\\xampp\\htdocs...')
#7 C:\xampp\htdocs\template\wp-admin\plugins.php(10): require_once('C:\\xampp\\htdocs...')
#8 {main}
  thrown

2019-11-02T10:16:25+00:00 CRITICAL Uncaught Error: Call to undefined method WooCommerce::queue() in C:\xampp\htdocs\template\wp-content\plugins\wc-multivendor-marketplace\core\class-wcfmmp.php:664
Stack trace:
#0 C:\xampp\htdocs\template\wp-includes\class-wp-hook.php(286): WCFMmp->run_wcfmmp_installer('')
#1 C:\xampp\htdocs\template\wp-includes\class-wp-hook.php(310): WP_Hook->apply_filters(NULL, Array)
#2 C:\xampp\htdocs\template\wp-includes\plugin.php(465): WP_Hook->do_action(Array)
#3 C:\xampp\htdocs\template\wp-settings.php(525): do_action('init')
#4 C:\xampp\htdocs\template\wp-config.php(90): require_once('C:\\xampp\\htdocs...')
#5 C:\xampp\htdocs\template\wp-load.php(37): require_once('C:\\xampp\\htdocs...')
#6 C:\xampp\htdocs\template\wp-blog-header.php(13): require_once('C:\\xampp\\htdocs...')
#7 C:\xampp\htdocs\template\index.php(17): require('C:\\xampp\\htdocs...')
#8 {main}
  thrown

2019-11-02T10:16:28+00:00 CRITICAL Uncaught Error: Call to undefined method WooCommerce::queue() in C:\xampp\htdocs\template\wp-content\plugins\wc-multivendor-marketplace\core\class-wcfmmp.php:664
Stack trace:
#0 C:\xampp\htdocs\template\wp-includes\class-wp-hook.php(286): WCFMmp->run_wcfmmp_installer('')
#1 C:\xampp\htdocs\template\wp-includes\class-wp-hook.php(310): WP_Hook->apply_filters(NULL, Array)
#2 C:\xampp\htdocs\template\wp-includes\plugin.php(465): WP_Hook->do_action(Array)
#3 C:\xampp\htdocs\template\wp-settings.php(525): do_action('init')
#4 C:\xampp\htdocs\template\wp-config.php(90): require_once('C:\\xampp\\htdocs...')
#5 C:\xampp\htdocs\template\wp-load.php(37): require_once('C:\\xampp\\htdocs...')
#6 C:\xampp\htdocs\template\wp-admin\admin.php(34): require_once('C:\\xampp\\htdocs...')
#7 C:\xampp\htdocs\template\wp-admin\plugins.php(10): require_once('C:\\xampp\\htdocs...')
#8 {main}
  thrown

2019-11-02T10:16:33+00:00 CRITICAL Uncaught Error: Call to undefined method WooCommerce::queue() in C:\xampp\htdocs\template\wp-content\plugins\wc-multivendor-marketplace\core\class-wcfmmp.php:664
Stack trace:
#0 C:\xampp\htdocs\template\wp-includes\class-wp-hook.php(286): WCFMmp->run_wcfmmp_installer('')
#1 C:\xampp\htdocs\template\wp-includes\class-wp-hook.php(310): WP_Hook->apply_filters(NULL, Array)
#2 C:\xampp\htdocs\template\wp-includes\plugin.php(465): WP_Hook->do_action(Array)
#3 C:\xampp\htdocs\template\wp-settings.php(525): do_action('init')
#4 C:\xampp\htdocs\template\wp-config.php(90): require_once('C:\\xampp\\htdocs...')
#5 C:\xampp\htdocs\template\wp-load.php(37): require_once('C:\\xampp\\htdocs...')
#6 C:\xampp\htdocs\template\wp-admin\admin.php(34): require_once('C:\\xampp\\htdocs...')
#7 C:\xampp\htdocs\template\wp-admin\plugins.php(10): require_once('C:\\xampp\\htdocs...')
#8 {main}
  thrown

2019-11-02T10:16:45+00:00 CRITICAL Uncaught Error: Call to undefined method WooCommerce::queue() in C:\xampp\htdocs\template\wp-content\plugins\wc-multivendor-marketplace\core\class-wcfmmp.php:664
Stack trace:
#0 C:\xampp\htdocs\template\wp-includes\class-wp-hook.php(286): WCFMmp->run_wcfmmp_installer('')
#1 C:\xampp\htdocs\template\wp-includes\class-wp-hook.php(310): WP_Hook->apply_filters(NULL, Array)
#2 C:\xampp\htdocs\template\wp-includes\plugin.php(465): WP_Hook->do_action(Array)
#3 C:\xampp\htdocs\template\wp-settings.php(525): do_action('init')
#4 C:\xampp\htdocs\template\wp-config.php(90): require_once('C:\\xampp\\htdocs...')
#5 C:\xampp\htdocs\template\wp-load.php(37): require_once('C:\\xampp\\htdocs...')
#6 C:\xampp\htdocs\template\wp-blog-header.php(13): require_once('C:\\xampp\\htdocs...')
#7 C:\xampp\htdocs\template\index.php(17): require('C:\\xampp\\htdocs...')
#8 {main}
  thrown

2019-11-02T10:17:36+00:00 CRITICAL Uncaught Error: Call to undefined method WooCommerce::queue() in C:\xampp\htdocs\template\wp-content\plugins\wc-multivendor-marketplace\core\class-wcfmmp.php:664
Stack trace:
#0 C:\xampp\htdocs\template\wp-includes\class-wp-hook.php(286): WCFMmp->run_wcfmmp_installer('')
#1 C:\xampp\htdocs\template\wp-includes\class-wp-hook.php(310): WP_Hook->apply_filters(NULL, Array)
#2 C:\xampp\htdocs\template\wp-includes\plugin.php(465): WP_Hook->do_action(Array)
#3 C:\xampp\htdocs\template\wp-settings.php(525): do_action('init')
#4 C:\xampp\htdocs\template\wp-config.php(90): require_once('C:\\xampp\\htdocs...')
#5 C:\xampp\htdocs\template\wp-load.php(37): require_once('C:\\xampp\\htdocs...')
#6 C:\xampp\htdocs\template\wp-admin\admin-ajax.php(22): require_once('C:\\xampp\\htdocs...')
#7 {main}
  thrown

2019-11-02T10:17:44+00:00 CRITICAL Uncaught Error: Call to undefined method WooCommerce::queue() in C:\xampp\htdocs\template\wp-content\plugins\wc-multivendor-marketplace\core\class-wcfmmp.php:664
Stack trace:
#0 C:\xampp\htdocs\template\wp-includes\class-wp-hook.php(286): WCFMmp->run_wcfmmp_installer('')
#1 C:\xampp\htdocs\template\wp-includes\class-wp-hook.php(310): WP_Hook->apply_filters(NULL, Array)
#2 C:\xampp\htdocs\template\wp-includes\plugin.php(465): WP_Hook->do_action(Array)
#3 C:\xampp\htdocs\template\wp-settings.php(525): do_action('init')
#4 C:\xampp\htdocs\template\wp-config.php(90): require_once('C:\\xampp\\htdocs...')
#5 C:\xampp\htdocs\template\wp-load.php(37): require_once('C:\\xampp\\htdocs...')
#6 C:\xampp\htdocs\template\wp-admin\admin.php(34): require_once('C:\\xampp\\htdocs...')
#7 C:\xampp\htdocs\template\wp-admin\plugins.php(10): require_once('C:\\xampp\\htdocs...')
#8 {main}
  thrown

2019-11-02T10:17:46+00:00 CRITICAL Uncaught Error: Call to undefined method WooCommerce::queue() in C:\xampp\htdocs\template\wp-content\plugins\wc-multivendor-marketplace\core\class-wcfmmp.php:664
Stack trace:
#0 C:\xampp\htdocs\template\wp-includes\class-wp-hook.php(286): WCFMmp->run_wcfmmp_installer('')
#1 C:\xampp\htdocs\template\wp-includes\class-wp-hook.php(310): WP_Hook->apply_filters(NULL, Array)
#2 C:\xampp\htdocs\template\wp-includes\plugin.php(465): WP_Hook->do_action(Array)
#3 C:\xampp\htdocs\template\wp-settings.php(525): do_action('init')
#4 C:\xampp\htdocs\template\wp-config.php(90): require_once('C:\\xampp\\htdocs...')
#5 C:\xampp\htdocs\template\wp-load.php(37): require_once('C:\\xampp\\htdocs...')
#6 C:\xampp\htdocs\template\wp-admin\admin.php(34): require_once('C:\\xampp\\htdocs...')
#7 C:\xampp\htdocs\template\wp-admin\plugins.php(10): require_once('C:\\xampp\\htdocs...')
#8 {main}
  thrown

2019-11-02T10:17:47+00:00 CRITICAL Uncaught Error: Call to undefined method WooCommerce::queue() in C:\xampp\htdocs\template\wp-content\plugins\wc-multivendor-marketplace\core\class-wcfmmp.php:664
Stack trace:
#0 C:\xampp\htdocs\template\wp-includes\class-wp-hook.php(286): WCFMmp->run_wcfmmp_installer('')
#1 C:\xampp\htdocs\template\wp-includes\class-wp-hook.php(310): WP_Hook->apply_filters(NULL, Array)
#2 C:\xampp\htdocs\template\wp-includes\plugin.php(465): WP_Hook->do_action(Array)
#3 C:\xampp\htdocs\template\wp-settings.php(525): do_action('init')
#4 C:\xampp\htdocs\template\wp-config.php(90): require_once('C:\\xampp\\htdocs...')
#5 C:\xampp\htdocs\template\wp-load.php(37): require_once('C:\\xampp\\htdocs...')
#6 C:\xampp\htdocs\template\wp-blog-header.php(13): require_once('C:\\xampp\\htdocs...')
#7 C:\xampp\htdocs\template\index.php(17): require('C:\\xampp\\htdocs...')
#8 {main}
  thrown

2019-11-02T10:18:08+00:00 CRITICAL Uncaught Error: Call to undefined method WooCommerce::queue() in C:\xampp\htdocs\template\wp-content\plugins\wc-multivendor-marketplace\core\class-wcfmmp.php:664
Stack trace:
#0 C:\xampp\htdocs\template\wp-includes\class-wp-hook.php(286): WCFMmp->run_wcfmmp_installer('')
#1 C:\xampp\htdocs\template\wp-includes\class-wp-hook.php(310): WP_Hook->apply_filters(NULL, Array)
#2 C:\xampp\htdocs\template\wp-includes\plugin.php(465): WP_Hook->do_action(Array)
#3 C:\xampp\htdocs\template\wp-settings.php(525): do_action('init')
#4 C:\xampp\htdocs\template\wp-config.php(90): require_once('C:\\xampp\\htdocs...')
#5 C:\xampp\htdocs\template\wp-load.php(37): require_once('C:\\xampp\\htdocs...')
#6 C:\xampp\htdocs\template\wp-admin\admin.php(34): require_once('C:\\xampp\\htdocs...')
#7 C:\xampp\htdocs\template\wp-admin\plugins.php(10): require_once('C:\\xampp\\htdocs...')
#8 {main}
  thrown

2019-11-02T10:18:08+00:00 CRITICAL Uncaught Error: Call to undefined method WooCommerce::queue() in C:\xampp\htdocs\template\wp-content\plugins\wc-multivendor-marketplace\core\class-wcfmmp.php:664
Stack trace:
#0 C:\xampp\htdocs\template\wp-includes\class-wp-hook.php(286): WCFMmp->run_wcfmmp_installer('')
#1 C:\xampp\htdocs\template\wp-includes\class-wp-hook.php(310): WP_Hook->apply_filters(NULL, Array)
#2 C:\xampp\htdocs\template\wp-includes\plugin.php(465): WP_Hook->do_action(Array)
#3 C:\xampp\htdocs\template\wp-settings.php(525): do_action('init')
#4 C:\xampp\htdocs\template\wp-config.php(90): require_once('C:\\xampp\\htdocs...')
#5 C:\xampp\htdocs\template\wp-load.php(37): require_once('C:\\xampp\\htdocs...')
#6 C:\xampp\htdocs\template\wp-admin\admin-ajax.php(22): require_once('C:\\xampp\\htdocs...')
#7 {main}
  thrown

2019-11-02T10:18:08+00:00 CRITICAL Uncaught Error: Call to undefined method WooCommerce::queue() in C:\xampp\htdocs\template\wp-content\plugins\wc-multivendor-marketplace\core\class-wcfmmp.php:664
Stack trace:
#0 C:\xampp\htdocs\template\wp-includes\class-wp-hook.php(286): WCFMmp->run_wcfmmp_installer('')
#1 C:\xampp\htdocs\template\wp-includes\class-wp-hook.php(310): WP_Hook->apply_filters(NULL, Array)
#2 C:\xampp\htdocs\template\wp-includes\plugin.php(465): WP_Hook->do_action(Array)
#3 C:\xampp\htdocs\template\wp-settings.php(525): do_action('init')
#4 C:\xampp\htdocs\template\wp-config.php(90): require_once('C:\\xampp\\htdocs...')
#5 C:\xampp\htdocs\template\wp-load.php(37): require_once('C:\\xampp\\htdocs...')
#6 C:\xampp\htdocs\template\wp-blog-header.php(13): require_once('C:\\xampp\\htdocs...')
#7 C:\xampp\htdocs\template\index.php(17): require('C:\\xampp\\htdocs...')
#8 {main}
  thrown

2019-11-02T10:18:10+00:00 CRITICAL Uncaught Error: Call to undefined method WooCommerce::queue() in C:\xampp\htdocs\template\wp-content\plugins\wc-multivendor-marketplace\core\class-wcfmmp.php:664
Stack trace:
#0 C:\xampp\htdocs\template\wp-includes\class-wp-hook.php(286): WCFMmp->run_wcfmmp_installer('')
#1 C:\xampp\htdocs\template\wp-includes\class-wp-hook.php(310): WP_Hook->apply_filters(NULL, Array)
#2 C:\xampp\htdocs\template\wp-includes\plugin.php(465): WP_Hook->do_action(Array)
#3 C:\xampp\htdocs\template\wp-settings.php(525): do_action('init')
#4 C:\xampp\htdocs\template\wp-config.php(90): require_once('C:\\xampp\\htdocs...')
#5 C:\xampp\htdocs\template\wp-load.php(37): require_once('C:\\xampp\\htdocs...')
#6 C:\xampp\htdocs\template\wp-blog-header.php(13): require_once('C:\\xampp\\htdocs...')
#7 C:\xampp\htdocs\template\index.php(17): require('C:\\xampp\\htdocs...')
#8 {main}
  thrown

2019-11-02T10:20:18+00:00 CRITICAL Uncaught Exception: Error: The access_token provided is invalid. in C:\xampp\htdocs\template\wp-content\plugins\sw_core\sw_plugins\sw-instagram\sw-instagram.php:83
Stack trace:
#0 C:\xampp\htdocs\template\wp-content\plugins\sw_core\sw_plugins\sw-instagram\sw-instagram.php(91): sw_instagram_widget->http('https://api.ins...', 'GET')
#1 C:\xampp\htdocs\template\wp-content\plugins\sw_core\sw_plugins\sw-instagram\includes\default.php(9): sw_instagram_widget->Get_Instagram_Gallery('5725112895', '5725112895.1677...', '5')
#2 C:\xampp\htdocs\template\wp-content\plugins\sw_core\sw_plugins\sw-instagram\sw-instagram.php(260): include('C:\\xampp\\htdocs...')
#3 C:\xampp\htdocs\template\wp-includes\shortcodes.php(325): sw_instagram_widget->INST_Shortcode(Array, '', 'instagram')
#4 [internal function]: do_shortcode_tag(Array)
#5 C:\xampp\htdocs\template\wp-includes\shortcodes.php(199): preg_replace_callback('/\\[(\\[?)(instag...', 'do_shortcode_ta...', '[instagram titl...')
#6 C:\xampp\htdocs\template\wp-content\plugins\js

2019-11-02T10:20:43+00:00 CRITICAL Uncaught Exception: Error: The access_token provided is invalid. in C:\xampp\htdocs\template\wp-content\plugins\sw_core\sw_plugins\sw-instagram\sw-instagram.php:83
Stack trace:
#0 C:\xampp\htdocs\template\wp-content\plugins\sw_core\sw_plugins\sw-instagram\sw-instagram.php(91): sw_instagram_widget->http('https://api.ins...', 'GET')
#1 C:\xampp\htdocs\template\wp-content\plugins\sw_core\sw_plugins\sw-instagram\includes\default.php(9): sw_instagram_widget->Get_Instagram_Gallery('5725112895', '5725112895.1677...', '5')
#2 C:\xampp\htdocs\template\wp-content\plugins\sw_core\sw_plugins\sw-instagram\sw-instagram.php(260): include('C:\\xampp\\htdocs...')
#3 C:\xampp\htdocs\template\wp-includes\shortcodes.php(325): sw_instagram_widget->INST_Shortcode(Array, '', 'instagram')
#4 [internal function]: do_shortcode_tag(Array)
#5 C:\xampp\htdocs\template\wp-includes\shortcodes.php(199): preg_replace_callback('/\\[(\\[?)(instag...', 'do_shortcode_ta...', '[instagram titl...')
#6 C:\xampp\htdocs\template\wp-content\plugins\js

2019-11-02T10:21:47+00:00 CRITICAL Uncaught Exception: Error: The access_token provided is invalid. in C:\xampp\htdocs\template\wp-content\plugins\sw_core\sw_plugins\sw-instagram\sw-instagram.php:83
Stack trace:
#0 C:\xampp\htdocs\template\wp-content\plugins\sw_core\sw_plugins\sw-instagram\sw-instagram.php(91): sw_instagram_widget->http('https://api.ins...', 'GET')
#1 C:\xampp\htdocs\template\wp-content\plugins\sw_core\sw_plugins\sw-instagram\includes\default.php(9): sw_instagram_widget->Get_Instagram_Gallery('5725112895', '5725112895.1677...', '5')
#2 C:\xampp\htdocs\template\wp-content\plugins\sw_core\sw_plugins\sw-instagram\sw-instagram.php(260): include('C:\\xampp\\htdocs...')
#3 C:\xampp\htdocs\template\wp-includes\shortcodes.php(325): sw_instagram_widget->INST_Shortcode(Array, '', 'instagram')
#4 [internal function]: do_shortcode_tag(Array)
#5 C:\xampp\htdocs\template\wp-includes\shortcodes.php(199): preg_replace_callback('/\\[(\\[?)(instag...', 'do_shortcode_ta...', '[instagram titl...')
#6 C:\xampp\htdocs\template\wp-content\plugins\js

2019-11-02T10:22:10+00:00 CRITICAL Uncaught Exception: Error: The access_token provided is invalid. in C:\xampp\htdocs\template\wp-content\plugins\sw_core\sw_plugins\sw-instagram\sw-instagram.php:83
Stack trace:
#0 C:\xampp\htdocs\template\wp-content\plugins\sw_core\sw_plugins\sw-instagram\sw-instagram.php(91): sw_instagram_widget->http('https://api.ins...', 'GET')
#1 C:\xampp\htdocs\template\wp-content\plugins\sw_core\sw_plugins\sw-instagram\includes\default.php(9): sw_instagram_widget->Get_Instagram_Gallery('5725112895', '5725112895.1677...', '5')
#2 C:\xampp\htdocs\template\wp-content\plugins\sw_core\sw_plugins\sw-instagram\sw-instagram.php(260): include('C:\\xampp\\htdocs...')
#3 C:\xampp\htdocs\template\wp-includes\shortcodes.php(325): sw_instagram_widget->INST_Shortcode(Array, '', 'instagram')
#4 [internal function]: do_shortcode_tag(Array)
#5 C:\xampp\htdocs\template\wp-includes\shortcodes.php(199): preg_replace_callback('/\\[(\\[?)(instag...', 'do_shortcode_ta...', '[instagram titl...')
#6 C:\xampp\htdocs\template\wp-content\plugins\js

2019-11-02T10:22:12+00:00 CRITICAL Uncaught Exception: Error: The access_token provided is invalid. in C:\xampp\htdocs\template\wp-content\plugins\sw_core\sw_plugins\sw-instagram\sw-instagram.php:83
Stack trace:
#0 C:\xampp\htdocs\template\wp-content\plugins\sw_core\sw_plugins\sw-instagram\sw-instagram.php(91): sw_instagram_widget->http('https://api.ins...', 'GET')
#1 C:\xampp\htdocs\template\wp-content\plugins\sw_core\sw_plugins\sw-instagram\includes\default.php(9): sw_instagram_widget->Get_Instagram_Gallery('5725112895', '5725112895.1677...', '5')
#2 C:\xampp\htdocs\template\wp-content\plugins\sw_core\sw_plugins\sw-instagram\sw-instagram.php(260): include('C:\\xampp\\htdocs...')
#3 C:\xampp\htdocs\template\wp-includes\shortcodes.php(325): sw_instagram_widget->INST_Shortcode(Array, '', 'instagram')
#4 [internal function]: do_shortcode_tag(Array)
#5 C:\xampp\htdocs\template\wp-includes\shortcodes.php(199): preg_replace_callback('/\\[(\\[?)(instag...', 'do_shortcode_ta...', '[instagram titl...')
#6 C:\xampp\htdocs\template\wp-content\plugins\js

2019-11-02T10:22:51+00:00 CRITICAL Uncaught Exception: Error: The access_token provided is invalid. in C:\xampp\htdocs\template\wp-content\plugins\sw_core\sw_plugins\sw-instagram\sw-instagram.php:83
Stack trace:
#0 C:\xampp\htdocs\template\wp-content\plugins\sw_core\sw_plugins\sw-instagram\sw-instagram.php(91): sw_instagram_widget->http('https://api.ins...', 'GET')
#1 C:\xampp\htdocs\template\wp-content\plugins\sw_core\sw_plugins\sw-instagram\includes\default.php(9): sw_instagram_widget->Get_Instagram_Gallery('5725112895', '5725112895.1677...', '5')
#2 C:\xampp\htdocs\template\wp-content\plugins\sw_core\sw_plugins\sw-instagram\sw-instagram.php(260): include('C:\\xampp\\htdocs...')
#3 C:\xampp\htdocs\template\wp-includes\shortcodes.php(325): sw_instagram_widget->INST_Shortcode(Array, '', 'instagram')
#4 [internal function]: do_shortcode_tag(Array)
#5 C:\xampp\htdocs\template\wp-includes\shortcodes.php(199): preg_replace_callback('/\\[(\\[?)(instag...', 'do_shortcode_ta...', '[instagram titl...')
#6 C:\xampp\htdocs\template\wp-content\plugins\js

2019-11-02T10:24:09+00:00 CRITICAL Uncaught Exception: Error: The access_token provided is invalid. in C:\xampp\htdocs\template\wp-content\plugins\sw_core\sw_plugins\sw-instagram\sw-instagram.php:83
Stack trace:
#0 C:\xampp\htdocs\template\wp-content\plugins\sw_core\sw_plugins\sw-instagram\sw-instagram.php(91): sw_instagram_widget->http('https://api.ins...', 'GET')
#1 C:\xampp\htdocs\template\wp-content\plugins\sw_core\sw_plugins\sw-instagram\includes\default.php(9): sw_instagram_widget->Get_Instagram_Gallery('5725112895', '5725112895.1677...', '5')
#2 C:\xampp\htdocs\template\wp-content\plugins\sw_core\sw_plugins\sw-instagram\sw-instagram.php(260): include('C:\\xampp\\htdocs...')
#3 C:\xampp\htdocs\template\wp-includes\shortcodes.php(325): sw_instagram_widget->INST_Shortcode(Array, '', 'instagram')
#4 [internal function]: do_shortcode_tag(Array)
#5 C:\xampp\htdocs\template\wp-includes\shortcodes.php(199): preg_replace_callback('/\\[(\\[?)(instag...', 'do_shortcode_ta...', '[instagram titl...')
#6 C:\xampp\htdocs\template\wp-content\plugins\js

2019-11-02T10:25:45+00:00 CRITICAL Uncaught Exception: Error: The access_token provided is invalid. in C:\xampp\htdocs\template\wp-content\plugins\sw_core\sw_plugins\sw-instagram\sw-instagram.php:83
Stack trace:
#0 C:\xampp\htdocs\template\wp-content\plugins\sw_core\sw_plugins\sw-instagram\sw-instagram.php(91): sw_instagram_widget->http('https://api.ins...', 'GET')
#1 C:\xampp\htdocs\template\wp-content\plugins\sw_core\sw_plugins\sw-instagram\includes\default.php(9): sw_instagram_widget->Get_Instagram_Gallery('5725112895', '5725112895.1677...', '5')
#2 C:\xampp\htdocs\template\wp-content\plugins\sw_core\sw_plugins\sw-instagram\sw-instagram.php(260): include('C:\\xampp\\htdocs...')
#3 C:\xampp\htdocs\template\wp-includes\shortcodes.php(325): sw_instagram_widget->INST_Shortcode(Array, '', 'instagram')
#4 [internal function]: do_shortcode_tag(Array)
#5 C:\xampp\htdocs\template\wp-includes\shortcodes.php(199): preg_replace_callback('/\\[(\\[?)(instag...', 'do_shortcode_ta...', '[instagram titl...')
#6 C:\xampp\htdocs\template\wp-content\plugins\js

2019-11-02T10:35:34+00:00 CRITICAL Uncaught Exception: Error: The access_token provided is invalid. in C:\xampp\htdocs\template\wp-content\plugins\sw_core\sw_plugins\sw-instagram\sw-instagram.php:83
Stack trace:
#0 C:\xampp\htdocs\template\wp-content\plugins\sw_core\sw_plugins\sw-instagram\sw-instagram.php(91): sw_instagram_widget->http('https://api.ins...', 'GET')
#1 C:\xampp\htdocs\template\wp-content\plugins\sw_core\sw_plugins\sw-instagram\includes\default.php(9): sw_instagram_widget->Get_Instagram_Gallery('5725112895', '5725112895.1677...', '5')
#2 C:\xampp\htdocs\template\wp-content\plugins\sw_core\sw_plugins\sw-instagram\sw-instagram.php(260): include('C:\\xampp\\htdocs...')
#3 C:\xampp\htdocs\template\wp-includes\shortcodes.php(325): sw_instagram_widget->INST_Shortcode(Array, '', 'instagram')
#4 [internal function]: do_shortcode_tag(Array)
#5 C:\xampp\htdocs\template\wp-includes\shortcodes.php(199): preg_replace_callback('/\\[(\\[?)(instag...', 'do_shortcode_ta...', '<p>[vc_row full...')
#6 C:\xampp\htdocs\template\wp-includes\class-wp-

2019-11-02T10:54:40+00:00 CRITICAL Uncaught Exception: Error: The access_token provided is invalid. in C:\xampp\htdocs\template\wp-content\plugins\sw_core\sw_plugins\sw-instagram\sw-instagram.php:83
Stack trace:
#0 C:\xampp\htdocs\template\wp-content\plugins\sw_core\sw_plugins\sw-instagram\sw-instagram.php(91): sw_instagram_widget->http('https://api.ins...', 'GET')
#1 C:\xampp\htdocs\template\wp-content\plugins\sw_core\sw_plugins\sw-instagram\includes\default.php(9): sw_instagram_widget->Get_Instagram_Gallery('5725112895', '5725112895.1677...', '5')
#2 C:\xampp\htdocs\template\wp-content\plugins\sw_core\sw_plugins\sw-instagram\sw-instagram.php(260): include('C:\\xampp\\htdocs...')
#3 C:\xampp\htdocs\template\wp-includes\shortcodes.php(325): sw_instagram_widget->INST_Shortcode(Array, '', 'instagram')
#4 [internal function]: do_shortcode_tag(Array)
#5 C:\xampp\htdocs\template\wp-includes\shortcodes.php(199): preg_replace_callback('/\\[(\\[?)(instag...', 'do_shortcode_ta...', '<p>[vc_row full...')
#6 C:\xampp\htdocs\template\wp-includes\class-wp-

2019-11-02T11:04:23+00:00 CRITICAL Uncaught Exception: Error: The access_token provided is invalid. in C:\xampp\htdocs\template\wp-content\plugins\sw_core\sw_plugins\sw-instagram\sw-instagram.php:83
Stack trace:
#0 C:\xampp\htdocs\template\wp-content\plugins\sw_core\sw_plugins\sw-instagram\sw-instagram.php(91): sw_instagram_widget->http('https://api.ins...', 'GET')
#1 C:\xampp\htdocs\template\wp-content\plugins\sw_core\sw_plugins\sw-instagram\includes\default.php(9): sw_instagram_widget->Get_Instagram_Gallery('5725112895', '5725112895.1677...', '5')
#2 C:\xampp\htdocs\template\wp-content\plugins\sw_core\sw_plugins\sw-instagram\sw-instagram.php(260): include('C:\\xampp\\htdocs...')
#3 C:\xampp\htdocs\template\wp-includes\shortcodes.php(325): sw_instagram_widget->INST_Shortcode(Array, '', 'instagram')
#4 [internal function]: do_shortcode_tag(Array)
#5 C:\xampp\htdocs\template\wp-includes\shortcodes.php(199): preg_replace_callback('/\\[(\\[?)(instag...', 'do_shortcode_ta...', '[instagram titl...')
#6 C:\xampp\htdocs\template\wp-content\plugins\js

2019-11-02T11:04:40+00:00 CRITICAL Uncaught Exception: Error: The access_token provided is invalid. in C:\xampp\htdocs\template\wp-content\plugins\sw_core\sw_plugins\sw-instagram\sw-instagram.php:83
Stack trace:
#0 C:\xampp\htdocs\template\wp-content\plugins\sw_core\sw_plugins\sw-instagram\sw-instagram.php(91): sw_instagram_widget->http('https://api.ins...', 'GET')
#1 C:\xampp\htdocs\template\wp-content\plugins\sw_core\sw_plugins\sw-instagram\includes\default.php(9): sw_instagram_widget->Get_Instagram_Gallery('5725112895', '5725112895.1677...', '5')
#2 C:\xampp\htdocs\template\wp-content\plugins\sw_core\sw_plugins\sw-instagram\sw-instagram.php(260): include('C:\\xampp\\htdocs...')
#3 C:\xampp\htdocs\template\wp-includes\shortcodes.php(325): sw_instagram_widget->INST_Shortcode(Array, '', 'instagram')
#4 [internal function]: do_shortcode_tag(Array)
#5 C:\xampp\htdocs\template\wp-includes\shortcodes.php(199): preg_replace_callback('/\\[(\\[?)(instag...', 'do_shortcode_ta...', '[instagram titl...')
#6 C:\xampp\htdocs\template\wp-content\plugins\js

2019-11-02T11:04:50+00:00 CRITICAL Uncaught Exception: Error: The access_token provided is invalid. in C:\xampp\htdocs\template\wp-content\plugins\sw_core\sw_plugins\sw-instagram\sw-instagram.php:83
Stack trace:
#0 C:\xampp\htdocs\template\wp-content\plugins\sw_core\sw_plugins\sw-instagram\sw-instagram.php(91): sw_instagram_widget->http('https://api.ins...', 'GET')
#1 C:\xampp\htdocs\template\wp-content\plugins\sw_core\sw_plugins\sw-instagram\includes\default.php(9): sw_instagram_widget->Get_Instagram_Gallery('5725112895', '5725112895.1677...', '5')
#2 C:\xampp\htdocs\template\wp-content\plugins\sw_core\sw_plugins\sw-instagram\sw-instagram.php(260): include('C:\\xampp\\htdocs...')
#3 C:\xampp\htdocs\template\wp-includes\shortcodes.php(325): sw_instagram_widget->INST_Shortcode(Array, '', 'instagram')
#4 [internal function]: do_shortcode_tag(Array)
#5 C:\xampp\htdocs\template\wp-includes\shortcodes.php(199): preg_replace_callback('/\\[(\\[?)(instag...', 'do_shortcode_ta...', '[instagram titl...')
#6 C:\xampp\htdocs\template\wp-content\plugins\js

2019-11-02T11:05:16+00:00 CRITICAL Uncaught Exception: Error: The access_token provided is invalid. in C:\xampp\htdocs\template\wp-content\plugins\sw_core\sw_plugins\sw-instagram\sw-instagram.php:83
Stack trace:
#0 C:\xampp\htdocs\template\wp-content\plugins\sw_core\sw_plugins\sw-instagram\sw-instagram.php(91): sw_instagram_widget->http('https://api.ins...', 'GET')
#1 C:\xampp\htdocs\template\wp-content\plugins\sw_core\sw_plugins\sw-instagram\includes\default.php(9): sw_instagram_widget->Get_Instagram_Gallery('5725112895', '5725112895.1677...', '5')
#2 C:\xampp\htdocs\template\wp-content\plugins\sw_core\sw_plugins\sw-instagram\sw-instagram.php(260): include('C:\\xampp\\htdocs...')
#3 C:\xampp\htdocs\template\wp-includes\shortcodes.php(325): sw_instagram_widget->INST_Shortcode(Array, '', 'instagram')
#4 [internal function]: do_shortcode_tag(Array)
#5 C:\xampp\htdocs\template\wp-includes\shortcodes.php(199): preg_replace_callback('/\\[(\\[?)(instag...', 'do_shortcode_ta...', '[instagram titl...')
#6 C:\xampp\htdocs\template\wp-content\plugins\js

2019-11-02T11:05:23+00:00 CRITICAL Uncaught Exception: Error: The access_token provided is invalid. in C:\xampp\htdocs\template\wp-content\plugins\sw_core\sw_plugins\sw-instagram\sw-instagram.php:83
Stack trace:
#0 C:\xampp\htdocs\template\wp-content\plugins\sw_core\sw_plugins\sw-instagram\sw-instagram.php(91): sw_instagram_widget->http('https://api.ins...', 'GET')
#1 C:\xampp\htdocs\template\wp-content\plugins\sw_core\sw_plugins\sw-instagram\includes\default.php(9): sw_instagram_widget->Get_Instagram_Gallery('5725112895', '5725112895.1677...', '5')
#2 C:\xampp\htdocs\template\wp-content\plugins\sw_core\sw_plugins\sw-instagram\sw-instagram.php(260): include('C:\\xampp\\htdocs...')
#3 C:\xampp\htdocs\template\wp-includes\shortcodes.php(325): sw_instagram_widget->INST_Shortcode(Array, '', 'instagram')
#4 [internal function]: do_shortcode_tag(Array)
#5 C:\xampp\htdocs\template\wp-includes\shortcodes.php(199): preg_replace_callback('/\\[(\\[?)(instag...', 'do_shortcode_ta...', '[instagram titl...')
#6 C:\xampp\htdocs\template\wp-content\plugins\js

2019-11-02T11:06:02+00:00 CRITICAL Uncaught Exception: Error: The access_token provided is invalid. in C:\xampp\htdocs\template\wp-content\plugins\sw_core\sw_plugins\sw-instagram\sw-instagram.php:83
Stack trace:
#0 C:\xampp\htdocs\template\wp-content\plugins\sw_core\sw_plugins\sw-instagram\sw-instagram.php(91): sw_instagram_widget->http('https://api.ins...', 'GET')
#1 C:\xampp\htdocs\template\wp-content\plugins\sw_core\sw_plugins\sw-instagram\includes\default.php(9): sw_instagram_widget->Get_Instagram_Gallery('5725112895', '5725112895.1677...', '5')
#2 C:\xampp\htdocs\template\wp-content\plugins\sw_core\sw_plugins\sw-instagram\sw-instagram.php(260): include('C:\\xampp\\htdocs...')
#3 C:\xampp\htdocs\template\wp-includes\shortcodes.php(325): sw_instagram_widget->INST_Shortcode(Array, '', 'instagram')
#4 [internal function]: do_shortcode_tag(Array)
#5 C:\xampp\htdocs\template\wp-includes\shortcodes.php(199): preg_replace_callback('/\\[(\\[?)(instag...', 'do_shortcode_ta...', '[instagram titl...')
#6 C:\xampp\htdocs\template\wp-content\plugins\js

2019-11-02T11:06:26+00:00 CRITICAL Uncaught Exception: Error: The access_token provided is invalid. in C:\xampp\htdocs\template\wp-content\plugins\sw_core\sw_plugins\sw-instagram\sw-instagram.php:83
Stack trace:
#0 C:\xampp\htdocs\template\wp-content\plugins\sw_core\sw_plugins\sw-instagram\sw-instagram.php(91): sw_instagram_widget->http('https://api.ins...', 'GET')
#1 C:\xampp\htdocs\template\wp-content\plugins\sw_core\sw_plugins\sw-instagram\includes\default.php(9): sw_instagram_widget->Get_Instagram_Gallery('5725112895', '5725112895.1677...', '5')
#2 C:\xampp\htdocs\template\wp-content\plugins\sw_core\sw_plugins\sw-instagram\sw-instagram.php(260): include('C:\\xampp\\htdocs...')
#3 C:\xampp\htdocs\template\wp-includes\shortcodes.php(325): sw_instagram_widget->INST_Shortcode(Array, '', 'instagram')
#4 [internal function]: do_shortcode_tag(Array)
#5 C:\xampp\htdocs\template\wp-includes\shortcodes.php(199): preg_replace_callback('/\\[(\\[?)(instag...', 'do_shortcode_ta...', '[instagram titl...')
#6 C:\xampp\htdocs\template\wp-content\plugins\js

2019-11-02T11:06:46+00:00 CRITICAL Uncaught Exception: Error: The access_token provided is invalid. in C:\xampp\htdocs\template\wp-content\plugins\sw_core\sw_plugins\sw-instagram\sw-instagram.php:83
Stack trace:
#0 C:\xampp\htdocs\template\wp-content\plugins\sw_core\sw_plugins\sw-instagram\sw-instagram.php(91): sw_instagram_widget->http('https://api.ins...', 'GET')
#1 C:\xampp\htdocs\template\wp-content\plugins\sw_core\sw_plugins\sw-instagram\includes\default.php(9): sw_instagram_widget->Get_Instagram_Gallery('5725112895', '5725112895.1677...', '5')
#2 C:\xampp\htdocs\template\wp-content\plugins\sw_core\sw_plugins\sw-instagram\sw-instagram.php(260): include('C:\\xampp\\htdocs...')
#3 C:\xampp\htdocs\template\wp-includes\shortcodes.php(325): sw_instagram_widget->INST_Shortcode(Array, '', 'instagram')
#4 [internal function]: do_shortcode_tag(Array)
#5 C:\xampp\htdocs\template\wp-includes\shortcodes.php(199): preg_replace_callback('/\\[(\\[?)(instag...', 'do_shortcode_ta...', '[instagram titl...')
#6 C:\xampp\htdocs\template\wp-content\plugins\js

2019-11-02T11:07:20+00:00 CRITICAL Uncaught Exception: Error: The access_token provided is invalid. in C:\xampp\htdocs\template\wp-content\plugins\sw_core\sw_plugins\sw-instagram\sw-instagram.php:83
Stack trace:
#0 C:\xampp\htdocs\template\wp-content\plugins\sw_core\sw_plugins\sw-instagram\sw-instagram.php(91): sw_instagram_widget->http('https://api.ins...', 'GET')
#1 C:\xampp\htdocs\template\wp-content\plugins\sw_core\sw_plugins\sw-instagram\includes\default.php(9): sw_instagram_widget->Get_Instagram_Gallery('5725112895', '5725112895.1677...', '5')
#2 C:\xampp\htdocs\template\wp-content\plugins\sw_core\sw_plugins\sw-instagram\sw-instagram.php(260): include('C:\\xampp\\htdocs...')
#3 C:\xampp\htdocs\template\wp-includes\shortcodes.php(325): sw_instagram_widget->INST_Shortcode(Array, '', 'instagram')
#4 [internal function]: do_shortcode_tag(Array)
#5 C:\xampp\htdocs\template\wp-includes\shortcodes.php(199): preg_replace_callback('/\\[(\\[?)(instag...', 'do_shortcode_ta...', '[instagram titl...')
#6 C:\xampp\htdocs\template\wp-content\plugins\js

2019-11-02T11:08:25+00:00 CRITICAL Uncaught Exception: Error: The access_token provided is invalid. in C:\xampp\htdocs\template\wp-content\plugins\sw_core\sw_plugins\sw-instagram\sw-instagram.php:83
Stack trace:
#0 C:\xampp\htdocs\template\wp-content\plugins\sw_core\sw_plugins\sw-instagram\sw-instagram.php(91): sw_instagram_widget->http('https://api.ins...', 'GET')
#1 C:\xampp\htdocs\template\wp-content\plugins\sw_core\sw_plugins\sw-instagram\includes\default.php(9): sw_instagram_widget->Get_Instagram_Gallery('5725112895', '5725112895.1677...', '5')
#2 C:\xampp\htdocs\template\wp-content\plugins\sw_core\sw_plugins\sw-instagram\sw-instagram.php(260): include('C:\\xampp\\htdocs...')
#3 C:\xampp\htdocs\template\wp-includes\shortcodes.php(325): sw_instagram_widget->INST_Shortcode(Array, '', 'instagram')
#4 [internal function]: do_shortcode_tag(Array)
#5 C:\xampp\htdocs\template\wp-includes\shortcodes.php(199): preg_replace_callback('/\\[(\\[?)(instag...', 'do_shortcode_ta...', '[instagram titl...')
#6 C:\xampp\htdocs\template\wp-content\plugins\js

2019-11-02T11:13:44+00:00 CRITICAL Uncaught Exception: Error: The access_token provided is invalid. in C:\xampp\htdocs\template\wp-content\plugins\sw_core\sw_plugins\sw-instagram\sw-instagram.php:83
Stack trace:
#0 C:\xampp\htdocs\template\wp-content\plugins\sw_core\sw_plugins\sw-instagram\sw-instagram.php(91): sw_instagram_widget->http('https://api.ins...', 'GET')
#1 C:\xampp\htdocs\template\wp-content\plugins\sw_core\sw_plugins\sw-instagram\includes\default.php(9): sw_instagram_widget->Get_Instagram_Gallery('5725112895', '5725112895.1677...', '5')
#2 C:\xampp\htdocs\template\wp-content\plugins\sw_core\sw_plugins\sw-instagram\sw-instagram.php(260): include('C:\\xampp\\htdocs...')
#3 C:\xampp\htdocs\template\wp-includes\shortcodes.php(325): sw_instagram_widget->INST_Shortcode(Array, '', 'instagram')
#4 [internal function]: do_shortcode_tag(Array)
#5 C:\xampp\htdocs\template\wp-includes\shortcodes.php(199): preg_replace_callback('/\\[(\\[?)(instag...', 'do_shortcode_ta...', '<p>[vc_row full...')
#6 C:\xampp\htdocs\template\wp-includes\class-wp-

2019-11-02T11:14:04+00:00 CRITICAL Uncaught Exception: Error: The access_token provided is invalid. in C:\xampp\htdocs\template\wp-content\plugins\sw_core\sw_plugins\sw-instagram\sw-instagram.php:83
Stack trace:
#0 C:\xampp\htdocs\template\wp-content\plugins\sw_core\sw_plugins\sw-instagram\sw-instagram.php(91): sw_instagram_widget->http('https://api.ins...', 'GET')
#1 C:\xampp\htdocs\template\wp-content\plugins\sw_core\sw_plugins\sw-instagram\includes\default.php(9): sw_instagram_widget->Get_Instagram_Gallery('5725112895', '5725112895.1677...', '5')
#2 C:\xampp\htdocs\template\wp-content\plugins\sw_core\sw_plugins\sw-instagram\sw-instagram.php(260): include('C:\\xampp\\htdocs...')
#3 C:\xampp\htdocs\template\wp-includes\shortcodes.php(325): sw_instagram_widget->INST_Shortcode(Array, '', 'instagram')
#4 [internal function]: do_shortcode_tag(Array)
#5 C:\xampp\htdocs\template\wp-includes\shortcodes.php(199): preg_replace_callback('/\\[(\\[?)(instag...', 'do_shortcode_ta...', '[instagram titl...')
#6 C:\xampp\htdocs\template\wp-content\plugins\js

2019-11-02T11:14:44+00:00 CRITICAL Uncaught Exception: Error: The access_token provided is invalid. in C:\xampp\htdocs\template\wp-content\plugins\sw_core\sw_plugins\sw-instagram\sw-instagram.php:83
Stack trace:
#0 C:\xampp\htdocs\template\wp-content\plugins\sw_core\sw_plugins\sw-instagram\sw-instagram.php(91): sw_instagram_widget->http('https://api.ins...', 'GET')
#1 C:\xampp\htdocs\template\wp-content\plugins\sw_core\sw_plugins\sw-instagram\includes\default.php(9): sw_instagram_widget->Get_Instagram_Gallery('5725112895', '5725112895.1677...', '5')
#2 C:\xampp\htdocs\template\wp-content\plugins\sw_core\sw_plugins\sw-instagram\sw-instagram.php(260): include('C:\\xampp\\htdocs...')
#3 C:\xampp\htdocs\template\wp-includes\shortcodes.php(325): sw_instagram_widget->INST_Shortcode(Array, '', 'instagram')
#4 [internal function]: do_shortcode_tag(Array)
#5 C:\xampp\htdocs\template\wp-includes\shortcodes.php(199): preg_replace_callback('/\\[(\\[?)(instag...', 'do_shortcode_ta...', '[instagram titl...')
#6 C:\xampp\htdocs\template\wp-content\plugins\js

2019-11-02T11:15:42+00:00 CRITICAL Uncaught Exception: Error: The access_token provided is invalid. in C:\xampp\htdocs\template\wp-content\plugins\sw_core\sw_plugins\sw-instagram\sw-instagram.php:83
Stack trace:
#0 C:\xampp\htdocs\template\wp-content\plugins\sw_core\sw_plugins\sw-instagram\sw-instagram.php(91): sw_instagram_widget->http('https://api.ins...', 'GET')
#1 C:\xampp\htdocs\template\wp-content\plugins\sw_core\sw_plugins\sw-instagram\includes\default.php(9): sw_instagram_widget->Get_Instagram_Gallery('5725112895', '5725112895.1677...', '5')
#2 C:\xampp\htdocs\template\wp-content\plugins\sw_core\sw_plugins\sw-instagram\sw-instagram.php(260): include('C:\\xampp\\htdocs...')
#3 C:\xampp\htdocs\template\wp-includes\shortcodes.php(325): sw_instagram_widget->INST_Shortcode(Array, '', 'instagram')
#4 [internal function]: do_shortcode_tag(Array)
#5 C:\xampp\htdocs\template\wp-includes\shortcodes.php(199): preg_replace_callback('/\\[(\\[?)(instag...', 'do_shortcode_ta...', '[instagram titl...')
#6 C:\xampp\htdocs\template\wp-content\plugins\js

2019-11-02T11:15:54+00:00 CRITICAL Uncaught Exception: Error: The access_token provided is invalid. in C:\xampp\htdocs\template\wp-content\plugins\sw_core\sw_plugins\sw-instagram\sw-instagram.php:83
Stack trace:
#0 C:\xampp\htdocs\template\wp-content\plugins\sw_core\sw_plugins\sw-instagram\sw-instagram.php(91): sw_instagram_widget->http('https://api.ins...', 'GET')
#1 C:\xampp\htdocs\template\wp-content\plugins\sw_core\sw_plugins\sw-instagram\includes\default.php(9): sw_instagram_widget->Get_Instagram_Gallery('5725112895', '5725112895.1677...', '5')
#2 C:\xampp\htdocs\template\wp-content\plugins\sw_core\sw_plugins\sw-instagram\sw-instagram.php(260): include('C:\\xampp\\htdocs...')
#3 C:\xampp\htdocs\template\wp-includes\shortcodes.php(325): sw_instagram_widget->INST_Shortcode(Array, '', 'instagram')
#4 [internal function]: do_shortcode_tag(Array)
#5 C:\xampp\htdocs\template\wp-includes\shortcodes.php(199): preg_replace_callback('/\\[(\\[?)(instag...', 'do_shortcode_ta...', '<p>[vc_row full...')
#6 C:\xampp\htdocs\template\wp-includes\class-wp-

2019-11-02T11:17:31+00:00 CRITICAL Uncaught Exception: Error: The access_token provided is invalid. in C:\xampp\htdocs\template\wp-content\plugins\sw_core\sw_plugins\sw-instagram\sw-instagram.php:83
Stack trace:
#0 C:\xampp\htdocs\template\wp-content\plugins\sw_core\sw_plugins\sw-instagram\sw-instagram.php(91): sw_instagram_widget->http('https://api.ins...', 'GET')
#1 C:\xampp\htdocs\template\wp-content\plugins\sw_core\sw_plugins\sw-instagram\includes\default.php(9): sw_instagram_widget->Get_Instagram_Gallery('5725112895', '5725112895.1677...', '5')
#2 C:\xampp\htdocs\template\wp-content\plugins\sw_core\sw_plugins\sw-instagram\sw-instagram.php(260): include('C:\\xampp\\htdocs...')
#3 C:\xampp\htdocs\template\wp-includes\shortcodes.php(325): sw_instagram_widget->INST_Shortcode(Array, '', 'instagram')
#4 [internal function]: do_shortcode_tag(Array)
#5 C:\xampp\htdocs\template\wp-includes\shortcodes.php(199): preg_replace_callback('/\\[(\\[?)(instag...', 'do_shortcode_ta...', '[instagram titl...')
#6 C:\xampp\htdocs\template\wp-content\plugins\js

2019-11-02T11:17:54+00:00 CRITICAL Uncaught Exception: Error: The access_token provided is invalid. in C:\xampp\htdocs\template\wp-content\plugins\sw_core\sw_plugins\sw-instagram\sw-instagram.php:83
Stack trace:
#0 C:\xampp\htdocs\template\wp-content\plugins\sw_core\sw_plugins\sw-instagram\sw-instagram.php(91): sw_instagram_widget->http('https://api.ins...', 'GET')
#1 C:\xampp\htdocs\template\wp-content\plugins\sw_core\sw_plugins\sw-instagram\includes\default.php(9): sw_instagram_widget->Get_Instagram_Gallery('5725112895', '5725112895.1677...', '5')
#2 C:\xampp\htdocs\template\wp-content\plugins\sw_core\sw_plugins\sw-instagram\sw-instagram.php(260): include('C:\\xampp\\htdocs...')
#3 C:\xampp\htdocs\template\wp-includes\shortcodes.php(325): sw_instagram_widget->INST_Shortcode(Array, '', 'instagram')
#4 [internal function]: do_shortcode_tag(Array)
#5 C:\xampp\htdocs\template\wp-includes\shortcodes.php(199): preg_replace_callback('/\\[(\\[?)(instag...', 'do_shortcode_ta...', '[instagram titl...')
#6 C:\xampp\htdocs\template\wp-content\plugins\js

2019-11-02T11:19:47+00:00 CRITICAL Uncaught Exception: Error: The access_token provided is invalid. in C:\xampp\htdocs\template\wp-content\plugins\sw_core\sw_plugins\sw-instagram\sw-instagram.php:83
Stack trace:
#0 C:\xampp\htdocs\template\wp-content\plugins\sw_core\sw_plugins\sw-instagram\sw-instagram.php(91): sw_instagram_widget->http('https://api.ins...', 'GET')
#1 C:\xampp\htdocs\template\wp-content\plugins\sw_core\sw_plugins\sw-instagram\includes\default.php(9): sw_instagram_widget->Get_Instagram_Gallery('5725112895', '5725112895.1677...', '5')
#2 C:\xampp\htdocs\template\wp-content\plugins\sw_core\sw_plugins\sw-instagram\sw-instagram.php(260): include('C:\\xampp\\htdocs...')
#3 C:\xampp\htdocs\template\wp-includes\shortcodes.php(325): sw_instagram_widget->INST_Shortcode(Array, '', 'instagram')
#4 [internal function]: do_shortcode_tag(Array)
#5 C:\xampp\htdocs\template\wp-includes\shortcodes.php(199): preg_replace_callback('/\\[(\\[?)(instag...', 'do_shortcode_ta...', '[instagram titl...')
#6 C:\xampp\htdocs\template\wp-content\plugins\js

2019-11-02T11:20:05+00:00 CRITICAL Uncaught Exception: Error: The access_token provided is invalid. in C:\xampp\htdocs\template\wp-content\plugins\sw_core\sw_plugins\sw-instagram\sw-instagram.php:83
Stack trace:
#0 C:\xampp\htdocs\template\wp-content\plugins\sw_core\sw_plugins\sw-instagram\sw-instagram.php(91): sw_instagram_widget->http('https://api.ins...', 'GET')
#1 C:\xampp\htdocs\template\wp-content\plugins\sw_core\sw_plugins\sw-instagram\includes\default.php(9): sw_instagram_widget->Get_Instagram_Gallery('5725112895', '5725112895.1677...', '5')
#2 C:\xampp\htdocs\template\wp-content\plugins\sw_core\sw_plugins\sw-instagram\sw-instagram.php(260): include('C:\\xampp\\htdocs...')
#3 C:\xampp\htdocs\template\wp-includes\shortcodes.php(325): sw_instagram_widget->INST_Shortcode(Array, '', 'instagram')
#4 [internal function]: do_shortcode_tag(Array)
#5 C:\xampp\htdocs\template\wp-includes\shortcodes.php(199): preg_replace_callback('/\\[(\\[?)(instag...', 'do_shortcode_ta...', '[instagram titl...')
#6 C:\xampp\htdocs\template\wp-content\plugins\js

2019-11-02T11:20:09+00:00 CRITICAL Uncaught Exception: Error: The access_token provided is invalid. in C:\xampp\htdocs\template\wp-content\plugins\sw_core\sw_plugins\sw-instagram\sw-instagram.php:83
Stack trace:
#0 C:\xampp\htdocs\template\wp-content\plugins\sw_core\sw_plugins\sw-instagram\sw-instagram.php(91): sw_instagram_widget->http('https://api.ins...', 'GET')
#1 C:\xampp\htdocs\template\wp-content\plugins\sw_core\sw_plugins\sw-instagram\includes\default.php(9): sw_instagram_widget->Get_Instagram_Gallery('5725112895', '5725112895.1677...', '5')
#2 C:\xampp\htdocs\template\wp-content\plugins\sw_core\sw_plugins\sw-instagram\sw-instagram.php(260): include('C:\\xampp\\htdocs...')
#3 C:\xampp\htdocs\template\wp-includes\shortcodes.php(325): sw_instagram_widget->INST_Shortcode(Array, '', 'instagram')
#4 [internal function]: do_shortcode_tag(Array)
#5 C:\xampp\htdocs\template\wp-includes\shortcodes.php(199): preg_replace_callback('/\\[(\\[?)(instag...', 'do_shortcode_ta...', '[instagram titl...')
#6 C:\xampp\htdocs\template\wp-content\plugins\js

2019-11-02T11:21:37+00:00 CRITICAL Uncaught Exception: Error: The access_token provided is invalid. in C:\xampp\htdocs\template\wp-content\plugins\sw_core\sw_plugins\sw-instagram\sw-instagram.php:83
Stack trace:
#0 C:\xampp\htdocs\template\wp-content\plugins\sw_core\sw_plugins\sw-instagram\sw-instagram.php(91): sw_instagram_widget->http('https://api.ins...', 'GET')
#1 C:\xampp\htdocs\template\wp-content\plugins\sw_core\sw_plugins\sw-instagram\includes\default.php(9): sw_instagram_widget->Get_Instagram_Gallery('5725112895', '5725112895.1677...', '5')
#2 C:\xampp\htdocs\template\wp-content\plugins\sw_core\sw_plugins\sw-instagram\sw-instagram.php(260): include('C:\\xampp\\htdocs...')
#3 C:\xampp\htdocs\template\wp-includes\shortcodes.php(325): sw_instagram_widget->INST_Shortcode(Array, '', 'instagram')
#4 [internal function]: do_shortcode_tag(Array)
#5 C:\xampp\htdocs\template\wp-includes\shortcodes.php(199): preg_replace_callback('/\\[(\\[?)(instag...', 'do_shortcode_ta...', '[instagram titl...')
#6 C:\xampp\htdocs\template\wp-content\plugins\js

2019-11-02T11:21:41+00:00 CRITICAL Uncaught Exception: Error: The access_token provided is invalid. in C:\xampp\htdocs\template\wp-content\plugins\sw_core\sw_plugins\sw-instagram\sw-instagram.php:83
Stack trace:
#0 C:\xampp\htdocs\template\wp-content\plugins\sw_core\sw_plugins\sw-instagram\sw-instagram.php(91): sw_instagram_widget->http('https://api.ins...', 'GET')
#1 C:\xampp\htdocs\template\wp-content\plugins\sw_core\sw_plugins\sw-instagram\includes\default.php(9): sw_instagram_widget->Get_Instagram_Gallery('5725112895', '5725112895.1677...', '5')
#2 C:\xampp\htdocs\template\wp-content\plugins\sw_core\sw_plugins\sw-instagram\sw-instagram.php(260): include('C:\\xampp\\htdocs...')
#3 C:\xampp\htdocs\template\wp-includes\shortcodes.php(325): sw_instagram_widget->INST_Shortcode(Array, '', 'instagram')
#4 [internal function]: do_shortcode_tag(Array)
#5 C:\xampp\htdocs\template\wp-includes\shortcodes.php(199): preg_replace_callback('/\\[(\\[?)(instag...', 'do_shortcode_ta...', '[instagram titl...')
#6 C:\xampp\htdocs\template\wp-content\plugins\js

2019-11-02T11:22:44+00:00 CRITICAL Uncaught Exception: Error: The access_token provided is invalid. in C:\xampp\htdocs\template\wp-content\plugins\sw_core\sw_plugins\sw-instagram\sw-instagram.php:83
Stack trace:
#0 C:\xampp\htdocs\template\wp-content\plugins\sw_core\sw_plugins\sw-instagram\sw-instagram.php(91): sw_instagram_widget->http('https://api.ins...', 'GET')
#1 C:\xampp\htdocs\template\wp-content\plugins\sw_core\sw_plugins\sw-instagram\includes\default.php(9): sw_instagram_widget->Get_Instagram_Gallery('5725112895', '5725112895.1677...', '5')
#2 C:\xampp\htdocs\template\wp-content\plugins\sw_core\sw_plugins\sw-instagram\sw-instagram.php(260): include('C:\\xampp\\htdocs...')
#3 C:\xampp\htdocs\template\wp-includes\shortcodes.php(325): sw_instagram_widget->INST_Shortcode(Array, '', 'instagram')
#4 [internal function]: do_shortcode_tag(Array)
#5 C:\xampp\htdocs\template\wp-includes\shortcodes.php(199): preg_replace_callback('/\\[(\\[?)(instag...', 'do_shortcode_ta...', '<p>[vc_row full...')
#6 C:\xampp\htdocs\template\wp-includes\class-wp-

2019-11-02T11:23:20+00:00 CRITICAL Uncaught Exception: Error: The access_token provided is invalid. in C:\xampp\htdocs\template\wp-content\plugins\sw_core\sw_plugins\sw-instagram\sw-instagram.php:83
Stack trace:
#0 C:\xampp\htdocs\template\wp-content\plugins\sw_core\sw_plugins\sw-instagram\sw-instagram.php(91): sw_instagram_widget->http('https://api.ins...', 'GET')
#1 C:\xampp\htdocs\template\wp-content\plugins\sw_core\sw_plugins\sw-instagram\includes\default.php(9): sw_instagram_widget->Get_Instagram_Gallery('5725112895', '5725112895.1677...', '5')
#2 C:\xampp\htdocs\template\wp-content\plugins\sw_core\sw_plugins\sw-instagram\sw-instagram.php(260): include('C:\\xampp\\htdocs...')
#3 C:\xampp\htdocs\template\wp-includes\shortcodes.php(325): sw_instagram_widget->INST_Shortcode(Array, '', 'instagram')
#4 [internal function]: do_shortcode_tag(Array)
#5 C:\xampp\htdocs\template\wp-includes\shortcodes.php(199): preg_replace_callback('/\\[(\\[?)(instag...', 'do_shortcode_ta...', '[instagram titl...')
#6 C:\xampp\htdocs\template\wp-content\plugins\js

2019-11-02T11:36:50+00:00 CRITICAL Uncaught Exception: Error: The access_token provided is invalid. in C:\xampp\htdocs\template\wp-content\plugins\sw_core\sw_plugins\sw-instagram\sw-instagram.php:83
Stack trace:
#0 C:\xampp\htdocs\template\wp-content\plugins\sw_core\sw_plugins\sw-instagram\sw-instagram.php(91): sw_instagram_widget->http('https://api.ins...', 'GET')
#1 C:\xampp\htdocs\template\wp-content\plugins\sw_core\sw_plugins\sw-instagram\includes\default.php(9): sw_instagram_widget->Get_Instagram_Gallery('5725112895', '5725112895.1677...', '5')
#2 C:\xampp\htdocs\template\wp-content\plugins\sw_core\sw_plugins\sw-instagram\sw-instagram.php(260): include('C:\\xampp\\htdocs...')
#3 C:\xampp\htdocs\template\wp-includes\shortcodes.php(325): sw_instagram_widget->INST_Shortcode(Array, '', 'instagram')
#4 [internal function]: do_shortcode_tag(Array)
#5 C:\xampp\htdocs\template\wp-includes\shortcodes.php(199): preg_replace_callback('/\\[(\\[?)(instag...', 'do_shortcode_ta...', '[instagram titl...')
#6 C:\xampp\htdocs\template\wp-content\plugins\js

2019-11-02T11:38:03+00:00 CRITICAL Uncaught Exception: Error: The access_token provided is invalid. in C:\xampp\htdocs\template\wp-content\plugins\sw_core\sw_plugins\sw-instagram\sw-instagram.php:83
Stack trace:
#0 C:\xampp\htdocs\template\wp-content\plugins\sw_core\sw_plugins\sw-instagram\sw-instagram.php(91): sw_instagram_widget->http('https://api.ins...', 'GET')
#1 C:\xampp\htdocs\template\wp-content\plugins\sw_core\sw_plugins\sw-instagram\includes\default.php(9): sw_instagram_widget->Get_Instagram_Gallery('5725112895', '5725112895.1677...', '5')
#2 C:\xampp\htdocs\template\wp-content\plugins\sw_core\sw_plugins\sw-instagram\sw-instagram.php(260): include('C:\\xampp\\htdocs...')
#3 C:\xampp\htdocs\template\wp-includes\shortcodes.php(325): sw_instagram_widget->INST_Shortcode(Array, '', 'instagram')
#4 [internal function]: do_shortcode_tag(Array)
#5 C:\xampp\htdocs\template\wp-includes\shortcodes.php(199): preg_replace_callback('/\\[(\\[?)(instag...', 'do_shortcode_ta...', '[instagram titl...')
#6 C:\xampp\htdocs\template\wp-content\plugins\js

2019-11-02T11:38:43+00:00 CRITICAL Uncaught Exception: Error: The access_token provided is invalid. in C:\xampp\htdocs\template\wp-content\plugins\sw_core\sw_plugins\sw-instagram\sw-instagram.php:83
Stack trace:
#0 C:\xampp\htdocs\template\wp-content\plugins\sw_core\sw_plugins\sw-instagram\sw-instagram.php(91): sw_instagram_widget->http('https://api.ins...', 'GET')
#1 C:\xampp\htdocs\template\wp-content\plugins\sw_core\sw_plugins\sw-instagram\includes\default.php(9): sw_instagram_widget->Get_Instagram_Gallery('5725112895', '5725112895.1677...', '5')
#2 C:\xampp\htdocs\template\wp-content\plugins\sw_core\sw_plugins\sw-instagram\sw-instagram.php(260): include('C:\\xampp\\htdocs...')
#3 C:\xampp\htdocs\template\wp-includes\shortcodes.php(325): sw_instagram_widget->INST_Shortcode(Array, '', 'instagram')
#4 [internal function]: do_shortcode_tag(Array)
#5 C:\xampp\htdocs\template\wp-includes\shortcodes.php(199): preg_replace_callback('/\\[(\\[?)(instag...', 'do_shortcode_ta...', '<p>[vc_row full...')
#6 C:\xampp\htdocs\template\wp-includes\class-wp-

